<?xml version="1.0" encoding="UTF-8"?>
<testng-results ignored="0" total="2" passed="2" failed="0" skipped="0">
  <reporter-output>
  </reporter-output>
  <suite started-at="2025-08-25T17:28:51 IST" name="Default suite" finished-at="2025-08-25T17:28:54 IST" duration-ms="2974">
    <groups>
    </groups>
    <test started-at="2025-08-25T17:28:51 IST" name="Default test" finished-at="2025-08-25T17:28:54 IST" duration-ms="2974">
      <class name="Hsptl_Mngnt.Testing_Hsplt_Mngnt">
        <test-method signature="testInvalidLoginWithMockDB()[pri:0, instance:Hsptl_Mngnt.Testing_Hsplt_Mngnt@1c1bbc4e]" started-at="2025-08-25T17:28:51 IST" name="testInvalidLoginWithMockDB" finished-at="2025-08-25T17:28:54 IST" duration-ms="2849" status="PASS">
          <reporter-output>
          </reporter-output>
        </test-method> <!-- testInvalidLoginWithMockDB -->
        <test-method signature="testValidLoginWithMockDB()[pri:0, instance:Hsptl_Mngnt.Testing_Hsplt_Mngnt@1c1bbc4e]" started-at="2025-08-25T17:28:54 IST" name="testValidLoginWithMockDB" finished-at="2025-08-25T17:28:54 IST" duration-ms="25" status="PASS">
          <reporter-output>
          </reporter-output>
        </test-method> <!-- testValidLoginWithMockDB -->
      </class> <!-- Hsptl_Mngnt.Testing_Hsplt_Mngnt -->
    </test> <!-- Default test -->
  </suite> <!-- Default suite -->
</testng-results>
