<?xml version="1.0" encoding="UTF-8"?>
<testng-results ignored="0" total="4" passed="4" failed="0" skipped="0">
  <reporter-output>
  </reporter-output>
  <suite started-at="2025-09-11T23:33:19 IST" name="Default suite" finished-at="2025-09-11T23:34:06 IST" duration-ms="47092">
    <groups>
    </groups>
    <test started-at="2025-09-11T23:33:19 IST" name="Default test" finished-at="2025-09-11T23:34:06 IST" duration-ms="47092">
      <class name="T2_Prac.Pract_2">
        <test-method is-config="true" signature="beforeClass()[pri:0, instance:T2_Prac.Pract_2@1e178745]" started-at="2025-09-11T23:33:19 IST" name="beforeClass" finished-at="2025-09-11T23:34:05 IST" duration-ms="46089" status="PASS">
          <reporter-output>
          </reporter-output>
        </test-method> <!-- beforeClass -->
        <test-method signature="Title_Valiadtion()[pri:1, instance:T2_Prac.Pract_2@1e178745]" started-at="2025-09-11T23:34:05 IST" name="Title_Valiadtion" finished-at="2025-09-11T23:34:05 IST" duration-ms="13" status="PASS">
          <reporter-output>
          </reporter-output>
        </test-method> <!-- Title_Valiadtion -->
        <test-method signature="Country_Drop_Down()[pri:2, instance:T2_Prac.Pract_2@1e178745]" started-at="2025-09-11T23:34:05 IST" name="Country_Drop_Down" finished-at="2025-09-11T23:34:05 IST" duration-ms="334" status="PASS">
          <reporter-output>
          </reporter-output>
        </test-method> <!-- Country_Drop_Down -->
        <test-method signature="Day_Of_Birth()[pri:3, instance:T2_Prac.Pract_2@1e178745]" started-at="2025-09-11T23:34:05 IST" name="Day_Of_Birth" finished-at="2025-09-11T23:34:05 IST" duration-ms="383" status="PASS">
          <reporter-output>
          </reporter-output>
        </test-method> <!-- Day_Of_Birth -->
        <test-method signature="Is_Selected_radio()[pri:4, instance:T2_Prac.Pract_2@1e178745]" started-at="2025-09-11T23:34:05 IST" name="Is_Selected_radio" finished-at="2025-09-11T23:34:06 IST" duration-ms="202" status="PASS">
          <reporter-output>
          </reporter-output>
        </test-method> <!-- Is_Selected_radio -->
        <test-method is-config="true" signature="afterClass()[pri:0, instance:T2_Prac.Pract_2@1e178745]" started-at="2025-09-11T23:34:06 IST" name="afterClass" finished-at="2025-09-11T23:34:06 IST" duration-ms="0" status="PASS">
          <reporter-output>
          </reporter-output>
        </test-method> <!-- afterClass -->
      </class> <!-- T2_Prac.Pract_2 -->
    </test> <!-- Default test -->
  </suite> <!-- Default suite -->
</testng-results>
